<?xml version="1.0" encoding="UTF-8"?>
<TestRun id="c5ddf47b-f5f2-4e1d-9971-19521f2e1a78" name="Steven@STEVEN-PC 2011-08-06 13:40:00" runUser="Steven-PC\Steven" xmlns="http://microsoft.com/schemas/VisualStudio/TeamTest/2006">
  <TestRunConfiguration name="Local Test Run" id="07abd846-44fb-41a5-be67-815623a78258">
    <Description>This is a default test run configuration for a local test run.</Description>
    <Deployment runDeploymentRoot="D:\Documents\Development\2-Player Chess - New Engine\ChessGame\TestResults\Steven_STEVEN-PC 2011-08-06 13_40_00">
      <DeploymentItem filename="D:\Documents\Development\2-Player Chess - New Engine\ChessGame\ChessGameLib\bin\Debug\ChessGameLib.dll" />
    </Deployment>
    <TestTypeSpecific />
  </TestRunConfiguration>
  <ResultSummary outcome="Completed">
    <Counters total="1" executed="1" passed="1" error="0" failed="0" timeout="0" aborted="0" inconclusive="0" passedButRunAborted="0" notRunnable="0" notExecuted="0" disconnected="0" warning="0" completed="0" inProgress="0" pending="0" />
  </ResultSummary>
  <Times creation="2011-08-06T13:40:00.9816000-04:00" queuing="2011-08-06T13:40:02.1446000-04:00" start="2011-08-06T13:40:02.3316000-04:00" finish="2011-08-06T13:41:29.4766000-04:00" />
  <TestDefinitions>
    <UnitTest name="TestInvalidConsecutiveGaps" storage="d:\documents\development\2-player chess - new engine\chessgame\chessgamelib.test\bin\debug\chessgamelib.test.dll" id="a4fc1eff-ece3-3999-fe08-b47f2b9e7d46">
      <Css projectStructure="" iteration="" />
      <Owners>
        <Owner name="" />
      </Owners>
      <Execution id="5164b5a6-f332-4400-bde7-472d02bb2d0d" />
      <TestMethod codeBase="D:\Documents\Development\2-Player Chess - New Engine\ChessGame\ChessGameLib.Test\bin\Debug\ChessGameLib.Test.dll" adapterTypeName="Microsoft.VisualStudio.TestTools.TestTypes.Unit.UnitTestAdapter, Microsoft.VisualStudio.QualityTools.Tips.UnitTest.Adapter, Version=9.0.0.0, Culture=neutral, PublicKeyToken=b03f5f7f11d50a3a" className="ChessGameLib.Test.FenUnitTest, ChessGameLib.Test" name="TestInvalidConsecutiveGaps" />
    </UnitTest>
  </TestDefinitions>
  <TestLists>
    <TestList name="Results Not in a List" id="8c84fa94-04c1-424b-9868-57a2d4851a1d" />
    <TestList name="All Loaded Results" id="19431567-8539-422a-85d7-44ee4e166bda" />
  </TestLists>
  <TestEntries>
    <TestEntry testId="a4fc1eff-ece3-3999-fe08-b47f2b9e7d46" executionId="5164b5a6-f332-4400-bde7-472d02bb2d0d" testListId="8c84fa94-04c1-424b-9868-57a2d4851a1d" />
  </TestEntries>
  <Results>
    <UnitTestResult executionId="5164b5a6-f332-4400-bde7-472d02bb2d0d" testId="a4fc1eff-ece3-3999-fe08-b47f2b9e7d46" testName="TestInvalidConsecutiveGaps" computerName="STEVEN-PC" duration="00:01:26.6253167" startTime="2011-08-06T13:40:02.4556000-04:00" endTime="2011-08-06T13:41:29.4046000-04:00" testType="13cdc9d9-ddb5-4fa4-a97d-d965ccfc6d4b" outcome="Passed" testListId="8c84fa94-04c1-424b-9868-57a2d4851a1d">
      <Output>
      </Output>
    </UnitTestResult>
  </Results>
</TestRun>