<?xml version="1.0" encoding="UTF-8"?>
<TestRun id="f5bbd768-9ffa-4b91-8bf4-c5b831cb1a58" name="Steven@STEVEN-PC 2011-08-07 09:07:00" runUser="Steven-PC\Steven" xmlns="http://microsoft.com/schemas/VisualStudio/TeamTest/2006">
  <TestRunConfiguration name="Local Test Run" id="07abd846-44fb-41a5-be67-815623a78258">
    <Description>This is a default test run configuration for a local test run.</Description>
    <Deployment runDeploymentRoot="D:\Documents\Development\2-Player Chess - New Engine\ChessGame\TestResults\Steven_STEVEN-PC 2011-08-07 09_07_00">
      <DeploymentItem filename="D:\Documents\Development\2-Player Chess - New Engine\ChessGame\ChessGameLib\bin\Debug\ChessGameLib.dll" />
    </Deployment>
    <TestTypeSpecific />
  </TestRunConfiguration>
  <ResultSummary outcome="Completed">
    <Counters total="1" executed="1" passed="1" error="0" failed="0" timeout="0" aborted="0" inconclusive="0" passedButRunAborted="0" notRunnable="0" notExecuted="0" disconnected="0" warning="0" completed="0" inProgress="0" pending="0" />
  </ResultSummary>
  <Times creation="2011-08-07T09:07:00.3410000-04:00" queuing="2011-08-07T09:07:00.9650000-04:00" start="2011-08-07T09:07:01.1560000-04:00" finish="2011-08-07T09:07:01.4680000-04:00" />
  <TestDefinitions>
    <UnitTest name="TestContainsPositionCoord" storage="d:\documents\development\2-player chess - new engine\chessgame\chessgamelib.test\bin\debug\chessgamelib.test.dll" id="71abf539-4528-46af-25ac-59ff4a1f0d8d">
      <Css projectStructure="" iteration="" />
      <Owners>
        <Owner name="" />
      </Owners>
      <Execution id="22452ca3-cf68-4dc8-a3ca-327607f28718" />
      <TestMethod codeBase="D:\Documents\Development\2-Player Chess - New Engine\ChessGame\ChessGameLib.Test\bin\Debug\ChessGameLib.Test.dll" adapterTypeName="Microsoft.VisualStudio.TestTools.TestTypes.Unit.UnitTestAdapter, Microsoft.VisualStudio.QualityTools.Tips.UnitTest.Adapter, Version=9.0.0.0, Culture=neutral, PublicKeyToken=b03f5f7f11d50a3a" className="ChessGameLib.Test.BitBoardTest, ChessGameLib.Test" name="TestContainsPositionCoord" />
    </UnitTest>
  </TestDefinitions>
  <TestLists>
    <TestList name="Results Not in a List" id="8c84fa94-04c1-424b-9868-57a2d4851a1d" />
    <TestList name="All Loaded Results" id="19431567-8539-422a-85d7-44ee4e166bda" />
  </TestLists>
  <TestEntries>
    <TestEntry testId="71abf539-4528-46af-25ac-59ff4a1f0d8d" executionId="22452ca3-cf68-4dc8-a3ca-327607f28718" testListId="8c84fa94-04c1-424b-9868-57a2d4851a1d" />
  </TestEntries>
  <Results>
    <UnitTestResult executionId="22452ca3-cf68-4dc8-a3ca-327607f28718" testId="71abf539-4528-46af-25ac-59ff4a1f0d8d" testName="TestContainsPositionCoord" computerName="STEVEN-PC" duration="00:00:00.0122095" startTime="2011-08-07T09:07:01.2200000-04:00" endTime="2011-08-07T09:07:01.4060000-04:00" testType="13cdc9d9-ddb5-4fa4-a97d-d965ccfc6d4b" outcome="Passed" testListId="8c84fa94-04c1-424b-9868-57a2d4851a1d">
      <Output>
      </Output>
    </UnitTestResult>
  </Results>
</TestRun>